{"/home/annu/Downloads/ABAC/backend/src/models/AuditLog.js": {"path":"/home/annu/Downloads/ABAC/backend/src/models/AuditLog.js","statementMap":{"0":{"start":{"line":1,"column":17},"end":{"line":1,"column":36}},"1":{"start":{"line":3,"column":23},"end":{"line":25,"column":2}},"2":{"start":{"line":27,"column":0},"end":{"line":27,"column":60}}},"fnMap":{},"branchMap":{},"s":{"0":2,"1":2,"2":2},"f":{},"b":{},"_coverageSchema":"1a1c01bbd47fc00a2c39e90264f33305004495a9","hash":"8dbe7e4f9b9174375c3cf9332dc415d9afbf0b14"}
,"/home/annu/Downloads/ABAC/backend/src/models/Policy.js": {"path":"/home/annu/Downloads/ABAC/backend/src/models/Policy.js","statementMap":{"0":{"start":{"line":1,"column":17},"end":{"line":1,"column":36}},"1":{"start":{"line":3,"column":24},"end":{"line":6,"column":18}},"2":{"start":{"line":8,"column":25},"end":{"line":13,"column":18}},"3":{"start":{"line":15,"column":21},"end":{"line":30,"column":2}},"4":{"start":{"line":32,"column":0},"end":{"line":35,"column":3}},"5":{"start":{"line":33,"column":4},"end":{"line":33,"column":32}},"6":{"start":{"line":34,"column":4},"end":{"line":34,"column":11}},"7":{"start":{"line":37,"column":0},"end":{"line":37,"column":56}}},"fnMap":{"0":{"name":"(anonymous_0)","decl":{"start":{"line":32,"column":25},"end":{"line":32,"column":26}},"loc":{"start":{"line":32,"column":41},"end":{"line":35,"column":1}},"line":32}},"branchMap":{},"s":{"0":2,"1":2,"2":2,"3":2,"4":2,"5":0,"6":0,"7":2},"f":{"0":0},"b":{},"_coverageSchema":"1a1c01bbd47fc00a2c39e90264f33305004495a9","hash":"4f6181c96367fe0a787913b43f84f0c956c3fa9c"}
,"/home/annu/Downloads/ABAC/backend/src/models/PolicyVersion.js": {"path":"/home/annu/Downloads/ABAC/backend/src/models/PolicyVersion.js","statementMap":{"0":{"start":{"line":1,"column":17},"end":{"line":1,"column":36}},"1":{"start":{"line":3,"column":28},"end":{"line":39,"column":25}},"2":{"start":{"line":42,"column":0},"end":{"line":42,"column":62}},"3":{"start":{"line":44,"column":0},"end":{"line":44,"column":70}}},"fnMap":{},"branchMap":{},"s":{"0":1,"1":1,"2":1,"3":1},"f":{},"b":{},"_coverageSchema":"1a1c01bbd47fc00a2c39e90264f33305004495a9","hash":"bcbbd08ce34473c92f980893d9cdfee9937749d4"}
,"/home/annu/Downloads/ABAC/backend/src/models/Resource.js": {"path":"/home/annu/Downloads/ABAC/backend/src/models/Resource.js","statementMap":{"0":{"start":{"line":1,"column":17},"end":{"line":1,"column":36}},"1":{"start":{"line":3,"column":23},"end":{"line":15,"column":2}},"2":{"start":{"line":17,"column":0},"end":{"line":17,"column":60}}},"fnMap":{},"branchMap":{},"s":{"0":1,"1":1,"2":1},"f":{},"b":{},"_coverageSchema":"1a1c01bbd47fc00a2c39e90264f33305004495a9","hash":"372ee7f0078d241c20000e562eb27573ab452020"}
,"/home/annu/Downloads/ABAC/backend/src/services/abacEngine.js": {"path":"/home/annu/Downloads/ABAC/backend/src/services/abacEngine.js","statementMap":{"0":{"start":{"line":1,"column":15},"end":{"line":1,"column":42}},"1":{"start":{"line":2,"column":17},"end":{"line":2,"column":46}},"2":{"start":{"line":3,"column":17},"end":{"line":3,"column":46}},"3":{"start":{"line":6,"column":4},"end":{"line":38,"column":5}},"4":{"start":{"line":7,"column":19},"end":{"line":7,"column":29}},"5":{"start":{"line":9,"column":8},"end":{"line":12,"column":11}},"6":{"start":{"line":10,"column":24},"end":{"line":10,"column":43}},"7":{"start":{"line":11,"column":12},"end":{"line":11,"column":93}},"8":{"start":{"line":14,"column":8},"end":{"line":17,"column":11}},"9":{"start":{"line":15,"column":24},"end":{"line":15,"column":46}},"10":{"start":{"line":16,"column":12},"end":{"line":16,"column":93}},"11":{"start":{"line":19,"column":8},"end":{"line":22,"column":11}},"12":{"start":{"line":20,"column":24},"end":{"line":20,"column":72}},"13":{"start":{"line":21,"column":12},"end":{"line":21,"column":93}},"14":{"start":{"line":24,"column":8},"end":{"line":27,"column":11}},"15":{"start":{"line":25,"column":26},"end":{"line":25,"column":97}},"16":{"start":{"line":25,"column":60},"end":{"line":25,"column":94}},"17":{"start":{"line":26,"column":12},"end":{"line":26,"column":58}},"18":{"start":{"line":29,"column":8},"end":{"line":31,"column":11}},"19":{"start":{"line":30,"column":12},"end":{"line":30,"column":56}},"20":{"start":{"line":34,"column":21},"end":{"line":34,"column":75}},"21":{"start":{"line":35,"column":8},"end":{"line":35,"column":56}},"22":{"start":{"line":37,"column":8},"end":{"line":37,"column":76}},"23":{"start":{"line":42,"column":23},"end":{"line":42,"column":41}},"24":{"start":{"line":43,"column":19},"end":{"line":43,"column":41}},"25":{"start":{"line":44,"column":4},"end":{"line":47,"column":5}},"26":{"start":{"line":44,"column":17},"end":{"line":44,"column":18}},"27":{"start":{"line":45,"column":8},"end":{"line":45,"column":46}},"28":{"start":{"line":45,"column":37},"end":{"line":45,"column":46}},"29":{"start":{"line":46,"column":8},"end":{"line":46,"column":58}},"30":{"start":{"line":46,"column":45},"end":{"line":46,"column":58}},"31":{"start":{"line":48,"column":4},"end":{"line":48,"column":16}},"32":{"start":{"line":52,"column":4},"end":{"line":52,"column":49}},"33":{"start":{"line":52,"column":37},"end":{"line":52,"column":49}},"34":{"start":{"line":53,"column":4},"end":{"line":53,"column":79}},"35":{"start":{"line":53,"column":38},"end":{"line":53,"column":79}},"36":{"start":{"line":54,"column":4},"end":{"line":54,"column":119}},"37":{"start":{"line":54,"column":38},"end":{"line":54,"column":119}},"38":{"start":{"line":55,"column":4},"end":{"line":55,"column":119}},"39":{"start":{"line":55,"column":39},"end":{"line":55,"column":119}},"40":{"start":{"line":56,"column":4},"end":{"line":56,"column":87}},"41":{"start":{"line":56,"column":41},"end":{"line":56,"column":87}},"42":{"start":{"line":57,"column":4},"end":{"line":57,"column":17}},"43":{"start":{"line":61,"column":16},"end":{"line":61,"column":26}},"44":{"start":{"line":62,"column":17},"end":{"line":62,"column":28}},"45":{"start":{"line":63,"column":22},"end":{"line":63,"column":38}},"46":{"start":{"line":64,"column":18},"end":{"line":64,"column":36}},"47":{"start":{"line":65,"column":20},"end":{"line":65,"column":40}},"48":{"start":{"line":67,"column":4},"end":{"line":191,"column":5}},"49":{"start":{"line":68,"column":23},"end":{"line":68,"column":83}},"50":{"start":{"line":69,"column":26},"end":{"line":69,"column":70}},"51":{"start":{"line":71,"column":28},"end":{"line":71,"column":30}},"52":{"start":{"line":72,"column":8},"end":{"line":76,"column":9}},"53":{"start":{"line":73,"column":12},"end":{"line":75,"column":15}},"54":{"start":{"line":74,"column":16},"end":{"line":74,"column":41}},"55":{"start":{"line":77,"column":8},"end":{"line":81,"column":9}},"56":{"start":{"line":78,"column":12},"end":{"line":78,"column":56}},"57":{"start":{"line":79,"column":12},"end":{"line":79,"column":60}},"58":{"start":{"line":80,"column":12},"end":{"line":80,"column":70}},"59":{"start":{"line":83,"column":25},"end":{"line":83,"column":27}},"60":{"start":{"line":84,"column":8},"end":{"line":86,"column":9}},"61":{"start":{"line":85,"column":12},"end":{"line":85,"column":84}},"62":{"start":{"line":85,"column":18},"end":{"line":85,"column":68}},"63":{"start":{"line":88,"column":26},"end":{"line":102,"column":9}},"64":{"start":{"line":105,"column":24},"end":{"line":111,"column":9}},"65":{"start":{"line":113,"column":27},"end":{"line":117,"column":9}},"66":{"start":{"line":119,"column":30},"end":{"line":119,"column":128}},"67":{"start":{"line":121,"column":8},"end":{"line":169,"column":9}},"68":{"start":{"line":121,"column":22},"end":{"line":121,"column":23}},"69":{"start":{"line":122,"column":25},"end":{"line":122,"column":37}},"70":{"start":{"line":123,"column":12},"end":{"line":123,"column":78}},"71":{"start":{"line":123,"column":69},"end":{"line":123,"column":78}},"72":{"start":{"line":125,"column":30},"end":{"line":125,"column":54}},"73":{"start":{"line":126,"column":12},"end":{"line":168,"column":13}},"74":{"start":{"line":126,"column":27},"end":{"line":126,"column":28}},"75":{"start":{"line":127,"column":33},"end":{"line":127,"column":49}},"76":{"start":{"line":128,"column":16},"end":{"line":128,"column":93}},"77":{"start":{"line":128,"column":84},"end":{"line":128,"column":93}},"78":{"start":{"line":129,"column":16},"end":{"line":129,"column":67}},"79":{"start":{"line":129,"column":58},"end":{"line":129,"column":67}},"80":{"start":{"line":131,"column":38},"end":{"line":131,"column":42}},"81":{"start":{"line":132,"column":41},"end":{"line":132,"column":43}},"82":{"start":{"line":134,"column":16},"end":{"line":139,"column":17}},"83":{"start":{"line":135,"column":20},"end":{"line":135,"column":73}},"84":{"start":{"line":136,"column":37},"end":{"line":136,"column":101}},"85":{"start":{"line":137,"column":20},"end":{"line":137,"column":56}},"86":{"start":{"line":138,"column":20},"end":{"line":138,"column":98}},"87":{"start":{"line":138,"column":42},"end":{"line":138,"column":98}},"88":{"start":{"line":141,"column":30},"end":{"line":141,"column":96}},"89":{"start":{"line":143,"column":16},"end":{"line":158,"column":17}},"90":{"start":{"line":144,"column":20},"end":{"line":155,"column":23}},"91":{"start":{"line":157,"column":20},"end":{"line":157,"column":82}},"92":{"start":{"line":160,"column":16},"end":{"line":167,"column":18}},"93":{"start":{"line":172,"column":8},"end":{"line":184,"column":9}},"94":{"start":{"line":173,"column":12},"end":{"line":181,"column":15}},"95":{"start":{"line":183,"column":12},"end":{"line":183,"column":74}},"96":{"start":{"line":186,"column":8},"end":{"line":186,"column":31}},"97":{"start":{"line":189,"column":8},"end":{"line":189,"column":49}},"98":{"start":{"line":190,"column":8},"end":{"line":190,"column":18}},"99":{"start":{"line":194,"column":0},"end":{"line":199,"column":2}}},"fnMap":{"0":{"name":"evaluateExpression","decl":{"start":{"line":5,"column":9},"end":{"line":5,"column":27}},"loc":{"start":{"line":5,"column":49},"end":{"line":39,"column":1}},"line":5},"1":{"name":"(anonymous_1)","decl":{"start":{"line":9,"column":45},"end":{"line":9,"column":46}},"loc":{"start":{"line":9,"column":62},"end":{"line":12,"column":9}},"line":9},"2":{"name":"(anonymous_2)","decl":{"start":{"line":14,"column":48},"end":{"line":14,"column":49}},"loc":{"start":{"line":14,"column":65},"end":{"line":17,"column":9}},"line":14},"3":{"name":"(anonymous_3)","decl":{"start":{"line":19,"column":43},"end":{"line":19,"column":44}},"loc":{"start":{"line":19,"column":60},"end":{"line":22,"column":9}},"line":19},"4":{"name":"(anonymous_4)","decl":{"start":{"line":24,"column":62},"end":{"line":24,"column":63}},"loc":{"start":{"line":24,"column":83},"end":{"line":27,"column":9}},"line":24},"5":{"name":"(anonymous_5)","decl":{"start":{"line":25,"column":45},"end":{"line":25,"column":46}},"loc":{"start":{"line":25,"column":58},"end":{"line":25,"column":96}},"line":25},"6":{"name":"(anonymous_6)","decl":{"start":{"line":29,"column":68},"end":{"line":29,"column":69}},"loc":{"start":{"line":29,"column":95},"end":{"line":31,"column":9}},"line":29},"7":{"name":"matchResourcePattern","decl":{"start":{"line":41,"column":9},"end":{"line":41,"column":29}},"loc":{"start":{"line":41,"column":52},"end":{"line":49,"column":1}},"line":41},"8":{"name":"matchActor","decl":{"start":{"line":51,"column":9},"end":{"line":51,"column":19}},"loc":{"start":{"line":51,"column":41},"end":{"line":58,"column":1}},"line":51},"9":{"name":"evaluate","decl":{"start":{"line":60,"column":15},"end":{"line":60,"column":23}},"loc":{"start":{"line":60,"column":30},"end":{"line":192,"column":1}},"line":60},"10":{"name":"(anonymous_10)","decl":{"start":{"line":73,"column":43},"end":{"line":73,"column":44}},"loc":{"start":{"line":73,"column":63},"end":{"line":75,"column":13}},"line":73}},"branchMap":{"0":{"loc":{"start":{"line":11,"column":19},"end":{"line":11,"column":92}},"type":"cond-expr","locations":[{"start":{"line":11,"column":45},"end":{"line":11,"column":55}},{"start":{"line":11,"column":59},"end":{"line":11,"column":91}}],"line":11},"1":{"loc":{"start":{"line":11,"column":59},"end":{"line":11,"column":91}},"type":"cond-expr","locations":[{"start":{"line":11,"column":79},"end":{"line":11,"column":82}},{"start":{"line":11,"column":85},"end":{"line":11,"column":91}}],"line":11},"2":{"loc":{"start":{"line":16,"column":19},"end":{"line":16,"column":92}},"type":"cond-expr","locations":[{"start":{"line":16,"column":45},"end":{"line":16,"column":55}},{"start":{"line":16,"column":59},"end":{"line":16,"column":91}}],"line":16},"3":{"loc":{"start":{"line":16,"column":59},"end":{"line":16,"column":91}},"type":"cond-expr","locations":[{"start":{"line":16,"column":79},"end":{"line":16,"column":82}},{"start":{"line":16,"column":85},"end":{"line":16,"column":91}}],"line":16},"4":{"loc":{"start":{"line":20,"column":24},"end":{"line":20,"column":72}},"type":"binary-expr","locations":[{"start":{"line":20,"column":24},"end":{"line":20,"column":43}},{"start":{"line":20,"column":47},"end":{"line":20,"column":72}}],"line":20},"5":{"loc":{"start":{"line":21,"column":19},"end":{"line":21,"column":92}},"type":"cond-expr","locations":[{"start":{"line":21,"column":45},"end":{"line":21,"column":55}},{"start":{"line":21,"column":59},"end":{"line":21,"column":91}}],"line":21},"6":{"loc":{"start":{"line":21,"column":59},"end":{"line":21,"column":91}},"type":"cond-expr","locations":[{"start":{"line":21,"column":79},"end":{"line":21,"column":82}},{"start":{"line":21,"column":85},"end":{"line":21,"column":91}}],"line":21},"7":{"loc":{"start":{"line":26,"column":19},"end":{"line":26,"column":57}},"type":"cond-expr","locations":[{"start":{"line":26,"column":41},"end":{"line":26,"column":47}},{"start":{"line":26,"column":50},"end":{"line":26,"column":57}}],"line":26},"8":{"loc":{"start":{"line":30,"column":19},"end":{"line":30,"column":55}},"type":"cond-expr","locations":[{"start":{"line":30,"column":39},"end":{"line":30,"column":45}},{"start":{"line":30,"column":48},"end":{"line":30,"column":55}}],"line":30},"9":{"loc":{"start":{"line":45,"column":8},"end":{"line":45,"column":46}},"type":"if","locations":[{"start":{"line":45,"column":8},"end":{"line":45,"column":46}},{"start":{},"end":{}}],"line":45},"10":{"loc":{"start":{"line":46,"column":8},"end":{"line":46,"column":58}},"type":"if","locations":[{"start":{"line":46,"column":8},"end":{"line":46,"column":58}},{"start":{},"end":{}}],"line":46},"11":{"loc":{"start":{"line":52,"column":4},"end":{"line":52,"column":49}},"type":"if","locations":[{"start":{"line":52,"column":4},"end":{"line":52,"column":49}},{"start":{},"end":{}}],"line":52},"12":{"loc":{"start":{"line":53,"column":4},"end":{"line":53,"column":79}},"type":"if","locations":[{"start":{"line":53,"column":4},"end":{"line":53,"column":79}},{"start":{},"end":{}}],"line":53},"13":{"loc":{"start":{"line":54,"column":4},"end":{"line":54,"column":119}},"type":"if","locations":[{"start":{"line":54,"column":4},"end":{"line":54,"column":119}},{"start":{},"end":{}}],"line":54},"14":{"loc":{"start":{"line":54,"column":45},"end":{"line":54,"column":118}},"type":"binary-expr","locations":[{"start":{"line":54,"column":45},"end":{"line":54,"column":80}},{"start":{"line":54,"column":84},"end":{"line":54,"column":118}}],"line":54},"15":{"loc":{"start":{"line":55,"column":4},"end":{"line":55,"column":119}},"type":"if","locations":[{"start":{"line":55,"column":4},"end":{"line":55,"column":119}},{"start":{},"end":{}}],"line":55},"16":{"loc":{"start":{"line":55,"column":46},"end":{"line":55,"column":118}},"type":"binary-expr","locations":[{"start":{"line":55,"column":46},"end":{"line":55,"column":73}},{"start":{"line":55,"column":77},"end":{"line":55,"column":118}}],"line":55},"17":{"loc":{"start":{"line":56,"column":4},"end":{"line":56,"column":87}},"type":"if","locations":[{"start":{"line":56,"column":4},"end":{"line":56,"column":87}},{"start":{},"end":{}}],"line":56},"18":{"loc":{"start":{"line":64,"column":18},"end":{"line":64,"column":36}},"type":"binary-expr","locations":[{"start":{"line":64,"column":18},"end":{"line":64,"column":30}},{"start":{"line":64,"column":34},"end":{"line":64,"column":36}}],"line":64},"19":{"loc":{"start":{"line":65,"column":20},"end":{"line":65,"column":40}},"type":"binary-expr","locations":[{"start":{"line":65,"column":20},"end":{"line":65,"column":34}},{"start":{"line":65,"column":38},"end":{"line":65,"column":40}}],"line":65},"20":{"loc":{"start":{"line":72,"column":8},"end":{"line":76,"column":9}},"type":"if","locations":[{"start":{"line":72,"column":8},"end":{"line":76,"column":9}},{"start":{},"end":{}}],"line":72},"21":{"loc":{"start":{"line":72,"column":12},"end":{"line":72,"column":49}},"type":"binary-expr","locations":[{"start":{"line":72,"column":12},"end":{"line":72,"column":23}},{"start":{"line":72,"column":27},"end":{"line":72,"column":49}}],"line":72},"22":{"loc":{"start":{"line":77,"column":8},"end":{"line":81,"column":9}},"type":"if","locations":[{"start":{"line":77,"column":8},"end":{"line":81,"column":9}},{"start":{},"end":{}}],"line":77},"23":{"loc":{"start":{"line":78,"column":33},"end":{"line":78,"column":55}},"type":"binary-expr","locations":[{"start":{"line":78,"column":33},"end":{"line":78,"column":49}},{"start":{"line":78,"column":53},"end":{"line":78,"column":55}}],"line":78},"24":{"loc":{"start":{"line":79,"column":35},"end":{"line":79,"column":59}},"type":"binary-expr","locations":[{"start":{"line":79,"column":35},"end":{"line":79,"column":53}},{"start":{"line":79,"column":57},"end":{"line":79,"column":59}}],"line":79},"25":{"loc":{"start":{"line":80,"column":40},"end":{"line":80,"column":69}},"type":"binary-expr","locations":[{"start":{"line":80,"column":40},"end":{"line":80,"column":63}},{"start":{"line":80,"column":67},"end":{"line":80,"column":69}}],"line":80},"26":{"loc":{"start":{"line":84,"column":8},"end":{"line":86,"column":9}},"type":"if","locations":[{"start":{"line":84,"column":8},"end":{"line":86,"column":9}},{"start":{},"end":{}}],"line":84},"27":{"loc":{"start":{"line":90,"column":24},"end":{"line":90,"column":61}},"type":"cond-expr","locations":[{"start":{"line":90,"column":36},"end":{"line":90,"column":56}},{"start":{"line":90,"column":59},"end":{"line":90,"column":61}}],"line":90},"28":{"loc":{"start":{"line":91,"column":23},"end":{"line":91,"column":40}},"type":"binary-expr","locations":[{"start":{"line":91,"column":23},"end":{"line":91,"column":34}},{"start":{"line":91,"column":38},"end":{"line":91,"column":40}}],"line":91},"29":{"loc":{"start":{"line":92,"column":22},"end":{"line":92,"column":38}},"type":"binary-expr","locations":[{"start":{"line":92,"column":22},"end":{"line":92,"column":32}},{"start":{"line":92,"column":36},"end":{"line":92,"column":38}}],"line":92},"30":{"loc":{"start":{"line":93,"column":28},"end":{"line":93,"column":50}},"type":"binary-expr","locations":[{"start":{"line":93,"column":28},"end":{"line":93,"column":44}},{"start":{"line":93,"column":48},"end":{"line":93,"column":50}}],"line":93},"31":{"loc":{"start":{"line":94,"column":26},"end":{"line":94,"column":46}},"type":"binary-expr","locations":[{"start":{"line":94,"column":26},"end":{"line":94,"column":40}},{"start":{"line":94,"column":44},"end":{"line":94,"column":46}}],"line":94},"32":{"loc":{"start":{"line":95,"column":24},"end":{"line":95,"column":42}},"type":"binary-expr","locations":[{"start":{"line":95,"column":24},"end":{"line":95,"column":36}},{"start":{"line":95,"column":40},"end":{"line":95,"column":42}}],"line":95},"33":{"loc":{"start":{"line":96,"column":27},"end":{"line":96,"column":56}},"type":"binary-expr","locations":[{"start":{"line":96,"column":27},"end":{"line":96,"column":50}},{"start":{"line":96,"column":54},"end":{"line":96,"column":56}}],"line":96},"34":{"loc":{"start":{"line":97,"column":73},"end":{"line":97,"column":105}},"type":"binary-expr","locations":[{"start":{"line":97,"column":73},"end":{"line":97,"column":99}},{"start":{"line":97,"column":103},"end":{"line":97,"column":105}}],"line":97},"35":{"loc":{"start":{"line":101,"column":15},"end":{"line":101,"column":40}},"type":"binary-expr","locations":[{"start":{"line":101,"column":15},"end":{"line":101,"column":34}},{"start":{"line":101,"column":38},"end":{"line":101,"column":40}}],"line":101},"36":{"loc":{"start":{"line":106,"column":20},"end":{"line":106,"column":37}},"type":"binary-expr","locations":[{"start":{"line":106,"column":20},"end":{"line":106,"column":29}},{"start":{"line":106,"column":33},"end":{"line":106,"column":37}}],"line":106},"37":{"loc":{"start":{"line":107,"column":26},"end":{"line":107,"column":43}},"type":"binary-expr","locations":[{"start":{"line":107,"column":26},"end":{"line":107,"column":37}},{"start":{"line":107,"column":41},"end":{"line":107,"column":43}}],"line":107},"38":{"loc":{"start":{"line":108,"column":25},"end":{"line":108,"column":41}},"type":"binary-expr","locations":[{"start":{"line":108,"column":25},"end":{"line":108,"column":35}},{"start":{"line":108,"column":39},"end":{"line":108,"column":41}}],"line":108},"39":{"loc":{"start":{"line":109,"column":31},"end":{"line":109,"column":53}},"type":"binary-expr","locations":[{"start":{"line":109,"column":31},"end":{"line":109,"column":47}},{"start":{"line":109,"column":51},"end":{"line":109,"column":53}}],"line":109},"40":{"loc":{"start":{"line":110,"column":29},"end":{"line":110,"column":49}},"type":"binary-expr","locations":[{"start":{"line":110,"column":29},"end":{"line":110,"column":43}},{"start":{"line":110,"column":47},"end":{"line":110,"column":49}}],"line":110},"41":{"loc":{"start":{"line":114,"column":24},"end":{"line":114,"column":41}},"type":"binary-expr","locations":[{"start":{"line":114,"column":24},"end":{"line":114,"column":35}},{"start":{"line":114,"column":39},"end":{"line":114,"column":41}}],"line":114},"42":{"loc":{"start":{"line":115,"column":25},"end":{"line":115,"column":66}},"type":"cond-expr","locations":[{"start":{"line":115,"column":39},"end":{"line":115,"column":61}},{"start":{"line":115,"column":64},"end":{"line":115,"column":66}}],"line":115},"43":{"loc":{"start":{"line":115,"column":39},"end":{"line":115,"column":61}},"type":"binary-expr","locations":[{"start":{"line":115,"column":39},"end":{"line":115,"column":55}},{"start":{"line":115,"column":59},"end":{"line":115,"column":61}}],"line":115},"44":{"loc":{"start":{"line":116,"column":27},"end":{"line":116,"column":70}},"type":"cond-expr","locations":[{"start":{"line":116,"column":41},"end":{"line":116,"column":65}},{"start":{"line":116,"column":68},"end":{"line":116,"column":70}}],"line":116},"45":{"loc":{"start":{"line":116,"column":41},"end":{"line":116,"column":65}},"type":"binary-expr","locations":[{"start":{"line":116,"column":41},"end":{"line":116,"column":59}},{"start":{"line":116,"column":63},"end":{"line":116,"column":65}}],"line":116},"46":{"loc":{"start":{"line":123,"column":12},"end":{"line":123,"column":78}},"type":"if","locations":[{"start":{"line":123,"column":12},"end":{"line":123,"column":78}},{"start":{},"end":{}}],"line":123},"47":{"loc":{"start":{"line":125,"column":30},"end":{"line":125,"column":54}},"type":"binary-expr","locations":[{"start":{"line":125,"column":30},"end":{"line":125,"column":48}},{"start":{"line":125,"column":52},"end":{"line":125,"column":54}}],"line":125},"48":{"loc":{"start":{"line":128,"column":16},"end":{"line":128,"column":93}},"type":"if","locations":[{"start":{"line":128,"column":16},"end":{"line":128,"column":93}},{"start":{},"end":{}}],"line":128},"49":{"loc":{"start":{"line":129,"column":16},"end":{"line":129,"column":67}},"type":"if","locations":[{"start":{"line":129,"column":16},"end":{"line":129,"column":67}},{"start":{},"end":{}}],"line":129},"50":{"loc":{"start":{"line":134,"column":16},"end":{"line":139,"column":17}},"type":"if","locations":[{"start":{"line":134,"column":16},"end":{"line":139,"column":17}},{"start":{},"end":{}}],"line":134},"51":{"loc":{"start":{"line":134,"column":20},"end":{"line":134,"column":75}},"type":"binary-expr","locations":[{"start":{"line":134,"column":20},"end":{"line":134,"column":40}},{"start":{"line":134,"column":44},"end":{"line":134,"column":75}}],"line":134},"52":{"loc":{"start":{"line":138,"column":20},"end":{"line":138,"column":98}},"type":"if","locations":[{"start":{"line":138,"column":20},"end":{"line":138,"column":98}},{"start":{},"end":{}}],"line":138},"53":{"loc":{"start":{"line":141,"column":30},"end":{"line":141,"column":96}},"type":"cond-expr","locations":[{"start":{"line":141,"column":62},"end":{"line":141,"column":77}},{"start":{"line":141,"column":80},"end":{"line":141,"column":96}}],"line":141},"54":{"loc":{"start":{"line":148,"column":34},"end":{"line":148,"column":60}},"type":"cond-expr","locations":[{"start":{"line":148,"column":44},"end":{"line":148,"column":51}},{"start":{"line":148,"column":54},"end":{"line":148,"column":60}}],"line":148},"55":{"loc":{"start":{"line":149,"column":46},"end":{"line":149,"column":63}},"type":"binary-expr","locations":[{"start":{"line":149,"column":46},"end":{"line":149,"column":57}},{"start":{"line":149,"column":61},"end":{"line":149,"column":63}}],"line":149},"56":{"loc":{"start":{"line":150,"column":51},"end":{"line":150,"column":75}},"type":"binary-expr","locations":[{"start":{"line":150,"column":51},"end":{"line":150,"column":69}},{"start":{"line":150,"column":73},"end":{"line":150,"column":75}}],"line":150},"57":{"loc":{"start":{"line":153,"column":32},"end":{"line":153,"column":115}},"type":"cond-expr","locations":[{"start":{"line":153,"column":43},"end":{"line":153,"column":75}},{"start":{"line":153,"column":80},"end":{"line":153,"column":114}}],"line":153},"58":{"loc":{"start":{"line":154,"column":35},"end":{"line":154,"column":50}},"type":"binary-expr","locations":[{"start":{"line":154,"column":35},"end":{"line":154,"column":44}},{"start":{"line":154,"column":48},"end":{"line":154,"column":50}}],"line":154},"59":{"loc":{"start":{"line":162,"column":28},"end":{"line":162,"column":128}},"type":"cond-expr","locations":[{"start":{"line":162,"column":39},"end":{"line":162,"column":81}},{"start":{"line":162,"column":86},"end":{"line":162,"column":127}}],"line":162},"60":{"loc":{"start":{"line":180,"column":27},"end":{"line":180,"column":42}},"type":"binary-expr","locations":[{"start":{"line":180,"column":27},"end":{"line":180,"column":36}},{"start":{"line":180,"column":40},"end":{"line":180,"column":42}}],"line":180}},"s":{"0":1,"1":1,"2":1,"3":10,"4":10,"5":10,"6":7,"7":7,"8":10,"9":1,"10":1,"11":10,"12":4,"13":4,"14":10,"15":1,"16":3,"17":1,"18":10,"19":1,"20":10,"21":9,"22":1,"23":5,"24":5,"25":5,"26":5,"27":24,"28":5,"29":19,"30":1,"31":4,"32":7,"33":1,"34":6,"35":2,"36":4,"37":2,"38":2,"39":1,"40":1,"41":1,"42":0,"43":0,"44":0,"45":0,"46":0,"47":0,"48":0,"49":0,"50":0,"51":0,"52":0,"53":0,"54":0,"55":0,"56":0,"57":0,"58":0,"59":0,"60":0,"61":0,"62":0,"63":0,"64":0,"65":0,"66":0,"67":0,"68":0,"69":0,"70":0,"71":0,"72":0,"73":0,"74":0,"75":0,"76":0,"77":0,"78":0,"79":0,"80":0,"81":0,"82":0,"83":0,"84":0,"85":0,"86":0,"87":0,"88":0,"89":0,"90":0,"91":0,"92":0,"93":0,"94":0,"95":0,"96":0,"97":0,"98":0,"99":1},"f":{"0":10,"1":7,"2":1,"3":4,"4":1,"5":3,"6":1,"7":5,"8":7,"9":0,"10":0},"b":{"0":[7,0],"1":[0,0],"2":[1,0],"3":[0,0],"4":[4,4],"5":[0,4],"6":[4,0],"7":[1,0],"8":[1,0],"9":[5,19],"10":[1,18],"11":[1,6],"12":[2,4],"13":[2,2],"14":[2,1],"15":[1,1],"16":[1,1],"17":[1,0],"18":[0,0],"19":[0,0],"20":[0,0],"21":[0,0],"22":[0,0],"23":[0,0],"24":[0,0],"25":[0,0],"26":[0,0],"27":[0,0],"28":[0,0],"29":[0,0],"30":[0,0],"31":[0,0],"32":[0,0],"33":[0,0],"34":[0,0],"35":[0,0],"36":[0,0],"37":[0,0],"38":[0,0],"39":[0,0],"40":[0,0],"41":[0,0],"42":[0,0],"43":[0,0],"44":[0,0],"45":[0,0],"46":[0,0],"47":[0,0],"48":[0,0],"49":[0,0],"50":[0,0],"51":[0,0],"52":[0,0],"53":[0,0],"54":[0,0],"55":[0,0],"56":[0,0],"57":[0,0],"58":[0,0],"59":[0,0],"60":[0,0]},"_coverageSchema":"1a1c01bbd47fc00a2c39e90264f33305004495a9","hash":"1c99a09ba4332e7af3d063e16265e3833663fbab"}
}
