TN:
SF:src/models/AuditLog.js
FNF:0
FNH:0
DA:1,2
DA:3,2
DA:27,2
LF:3
LH:3
BRF:0
BRH:0
end_of_record
TN:
SF:src/models/Policy.js
FN:32,(anonymous_0)
FNF:1
FNH:0
FNDA:0,(anonymous_0)
DA:1,2
DA:3,2
DA:8,2
DA:15,2
DA:32,2
DA:33,0
DA:34,0
DA:37,2
LF:8
LH:6
BRF:0
BRH:0
end_of_record
TN:
SF:src/models/PolicyVersion.js
FNF:0
FNH:0
DA:1,1
DA:3,1
DA:42,1
DA:44,1
LF:4
LH:4
BRF:0
BRH:0
end_of_record
TN:
SF:src/models/Resource.js
FNF:0
FNH:0
DA:1,1
DA:3,1
DA:17,1
LF:3
LH:3
BRF:0
BRH:0
end_of_record
TN:
SF:src/services/abacEngine.js
FN:5,evaluateExpression
FN:9,(anonymous_1)
FN:14,(anonymous_2)
FN:19,(anonymous_3)
FN:24,(anonymous_4)
FN:25,(anonymous_5)
FN:29,(anonymous_6)
FN:41,matchResourcePattern
FN:51,matchActor
FN:60,evaluate
FN:73,(anonymous_10)
FNF:11
FNH:9
FNDA:10,evaluateExpression
FNDA:7,(anonymous_1)
FNDA:1,(anonymous_2)
FNDA:4,(anonymous_3)
FNDA:1,(anonymous_4)
FNDA:3,(anonymous_5)
FNDA:1,(anonymous_6)
FNDA:5,matchResourcePattern
FNDA:7,matchActor
FNDA:0,evaluate
FNDA:0,(anonymous_10)
DA:1,1
DA:2,1
DA:3,1
DA:6,10
DA:7,10
DA:9,10
DA:10,7
DA:11,7
DA:14,10
DA:15,1
DA:16,1
DA:19,10
DA:20,4
DA:21,4
DA:24,10
DA:25,3
DA:26,1
DA:29,10
DA:30,1
DA:34,10
DA:35,9
DA:37,1
DA:42,5
DA:43,5
DA:44,5
DA:45,24
DA:46,19
DA:48,4
DA:52,7
DA:53,6
DA:54,4
DA:55,2
DA:56,1
DA:57,0
DA:61,0
DA:62,0
DA:63,0
DA:64,0
DA:65,0
DA:67,0
DA:68,0
DA:69,0
DA:71,0
DA:72,0
DA:73,0
DA:74,0
DA:77,0
DA:78,0
DA:79,0
DA:80,0
DA:83,0
DA:84,0
DA:85,0
DA:88,0
DA:105,0
DA:113,0
DA:119,0
DA:121,0
DA:122,0
DA:123,0
DA:125,0
DA:126,0
DA:127,0
DA:128,0
DA:129,0
DA:131,0
DA:132,0
DA:134,0
DA:135,0
DA:136,0
DA:137,0
DA:138,0
DA:141,0
DA:143,0
DA:144,0
DA:157,0
DA:160,0
DA:172,0
DA:173,0
DA:183,0
DA:186,0
DA:189,0
DA:190,0
DA:194,1
LF:84
LH:34
BRDA:11,0,0,7
BRDA:11,0,1,0
BRDA:11,1,0,0
BRDA:11,1,1,0
BRDA:16,2,0,1
BRDA:16,2,1,0
BRDA:16,3,0,0
BRDA:16,3,1,0
BRDA:20,4,0,4
BRDA:20,4,1,4
BRDA:21,5,0,0
BRDA:21,5,1,4
BRDA:21,6,0,4
BRDA:21,6,1,0
BRDA:26,7,0,1
BRDA:26,7,1,0
BRDA:30,8,0,1
BRDA:30,8,1,0
BRDA:45,9,0,5
BRDA:45,9,1,19
BRDA:46,10,0,1
BRDA:46,10,1,18
BRDA:52,11,0,1
BRDA:52,11,1,6
BRDA:53,12,0,2
BRDA:53,12,1,4
BRDA:54,13,0,2
BRDA:54,13,1,2
BRDA:54,14,0,2
BRDA:54,14,1,1
BRDA:55,15,0,1
BRDA:55,15,1,1
BRDA:55,16,0,1
BRDA:55,16,1,1
BRDA:56,17,0,1
BRDA:56,17,1,0
BRDA:64,18,0,0
BRDA:64,18,1,0
BRDA:65,19,0,0
BRDA:65,19,1,0
BRDA:72,20,0,0
BRDA:72,20,1,0
BRDA:72,21,0,0
BRDA:72,21,1,0
BRDA:77,22,0,0
BRDA:77,22,1,0
BRDA:78,23,0,0
BRDA:78,23,1,0
BRDA:79,24,0,0
BRDA:79,24,1,0
BRDA:80,25,0,0
BRDA:80,25,1,0
BRDA:84,26,0,0
BRDA:84,26,1,0
BRDA:90,27,0,0
BRDA:90,27,1,0
BRDA:91,28,0,0
BRDA:91,28,1,0
BRDA:92,29,0,0
BRDA:92,29,1,0
BRDA:93,30,0,0
BRDA:93,30,1,0
BRDA:94,31,0,0
BRDA:94,31,1,0
BRDA:95,32,0,0
BRDA:95,32,1,0
BRDA:96,33,0,0
BRDA:96,33,1,0
BRDA:97,34,0,0
BRDA:97,34,1,0
BRDA:101,35,0,0
BRDA:101,35,1,0
BRDA:106,36,0,0
BRDA:106,36,1,0
BRDA:107,37,0,0
BRDA:107,37,1,0
BRDA:108,38,0,0
BRDA:108,38,1,0
BRDA:109,39,0,0
BRDA:109,39,1,0
BRDA:110,40,0,0
BRDA:110,40,1,0
BRDA:114,41,0,0
BRDA:114,41,1,0
BRDA:115,42,0,0
BRDA:115,42,1,0
BRDA:115,43,0,0
BRDA:115,43,1,0
BRDA:116,44,0,0
BRDA:116,44,1,0
BRDA:116,45,0,0
BRDA:116,45,1,0
BRDA:123,46,0,0
BRDA:123,46,1,0
BRDA:125,47,0,0
BRDA:125,47,1,0
BRDA:128,48,0,0
BRDA:128,48,1,0
BRDA:129,49,0,0
BRDA:129,49,1,0
BRDA:134,50,0,0
BRDA:134,50,1,0
BRDA:134,51,0,0
BRDA:134,51,1,0
BRDA:138,52,0,0
BRDA:138,52,1,0
BRDA:141,53,0,0
BRDA:141,53,1,0
BRDA:148,54,0,0
BRDA:148,54,1,0
BRDA:149,55,0,0
BRDA:149,55,1,0
BRDA:150,56,0,0
BRDA:150,56,1,0
BRDA:153,57,0,0
BRDA:153,57,1,0
BRDA:154,58,0,0
BRDA:154,58,1,0
BRDA:162,59,0,0
BRDA:162,59,1,0
BRDA:180,60,0,0
BRDA:180,60,1,0
BRF:122
BRH:25
end_of_record
